<?xml version="1.0" encoding="UTF-8"?>
<!-- Generated by org.testng.reporters.JUnitReportReporter -->
<testsuite name="testCases.Validate_SetFinancialAssessment" tests="3" time="31.884" ignored="0" failures="0" timestamp="09 Mar 2017 17:58:13 GMT" skipped="0" hostname="Bijans-MacBook-Pro.local" errors="0">
  <testcase name="A_Login" time="16.202" classname="testCases.Validate_SetFinancialAssessment"/>
  <testcase name="C_Set_FinancialAssessment" time="3.080" classname="testCases.Validate_SetFinancialAssessment"/>
  <testcase name="B_NavigateToFinancialAssessmentPage" time="12.602" classname="testCases.Validate_SetFinancialAssessment"/>
</testsuite> <!-- testCases.Validate_SetFinancialAssessment -->
